<?xml version="1.0" encoding="UTF-8"?>
<!-- Generated by org.testng.reporters.JUnitReportReporter -->
<testsuite skipped="0" hostname="BDC6-DX-6FB9NK2" name="SeleniumTest1.Xpath" tests="1" failures="0" timestamp="28 Aug 2019 06:40:12 GMT" time="3.672" errors="0">
  <testcase name="f" time="3.672" classname="SeleniumTest1.Xpath"/>
</testsuite> <!-- SeleniumTest1.Xpath -->
