<?xml version="1.0" encoding="UTF-8"?>
<!-- Generated by org.testng.reporters.JUnitReportReporter -->
<testsuite skipped="0" hostname="BDC6-DX-6FB9NK2" name="SeleniumTest1.writetoExcel" tests="1" failures="0" timestamp="29 Aug 2019 04:23:51 GMT" time="1.609" errors="0">
  <testcase name="writeExcel" time="1.609" classname="SeleniumTest1.writetoExcel"/>
</testsuite> <!-- SeleniumTest1.writetoExcel -->
