<?xml version="1.0" encoding="UTF-8"?>
<!-- Generated by org.testng.reporters.JUnitReportReporter -->
<testsuite skipped="0" hostname="BDC6-DX-6FB9NK2" name="SeleniumTest1.STest2" tests="2" failures="0" timestamp="28 Aug 2019 11:34:07 GMT" time="6.102" errors="0">
  <testcase name="testlogin" time="4.460" classname="SeleniumTest1.STest2"/>
  <testcase name="testlogin" time="1.642" classname="SeleniumTest1.STest2"/>
</testsuite> <!-- SeleniumTest1.STest2 -->
