<?xml version="1.0" encoding="UTF-8"?>
<!-- Generated by org.testng.reporters.JUnitReportReporter -->
<testsuite skipped="0" hostname="BDC6-DX-6FB9NK2" name="SeleniumTest1.moveactions" tests="1" failures="0" timestamp="28 Aug 2019 07:31:31 GMT" time="0.567" errors="0">
  <testcase name="testMethod" time="0.567" classname="SeleniumTest1.moveactions"/>
</testsuite> <!-- SeleniumTest1.moveactions -->
