<?xml version="1.0" encoding="UTF-8"?>
<!-- Generated by org.testng.reporters.JUnitReportReporter -->
<testsuite skipped="0" hostname="BDC6-DX-6FB9NK2" name="SeleniumTest1.selenium_excel" tests="1" failures="0" timestamp="28 Aug 2019 11:10:21 GMT" time="0.649" errors="0">
  <testcase name="testExcel" time="0.649" classname="SeleniumTest1.selenium_excel"/>
</testsuite> <!-- SeleniumTest1.selenium_excel -->
