<?xml version="1.0" encoding="UTF-8"?>
<!-- Generated by org.testng.reporters.JUnitReportReporter -->
<testsuite skipped="0" hostname="BDC6-DX-6FB9NK2" name="SeleniumTest1.Exercise" tests="1" failures="0" timestamp="28 Aug 2019 10:07:59 GMT" time="3.572" errors="0">
  <testcase name="f" time="3.572" classname="SeleniumTest1.Exercise"/>
</testsuite> <!-- SeleniumTest1.Exercise -->
