<?xml version="1.0" encoding="UTF-8"?>
<!-- Generated by org.testng.reporters.JUnitReportReporter -->
<testsuite skipped="1" hostname="BDC6-DX-6FB9NK2" name="SeleniumTest1.RegistrationCS" tests="1" failures="0" timestamp="30 Aug 2019 04:01:28 GMT" time="0.000" errors="0">
  <testcase name="Regis" time="0.000" classname="SeleniumTest1.RegistrationCS">
    <skipped/>
  </testcase> <!-- Regis -->
</testsuite> <!-- SeleniumTest1.RegistrationCS -->
