<?xml version="1.0" encoding="UTF-8"?>
<!-- Generated by org.testng.reporters.JUnitReportReporter -->
<testsuite skipped="0" hostname="BDC6-DX-6FB9NK2" name="SeleniumTest1.CaseStudy" tests="4" failures="0" timestamp="30 Aug 2019 03:16:53 GMT" time="30.594" errors="0">
  <testcase name="testRegistration" time="8.120" classname="SeleniumTest1.CaseStudy"/>
  <testcase name="loginpage" time="0.705" classname="SeleniumTest1.CaseStudy"/>
  <testcase name="addproducts" time="13.398" classname="SeleniumTest1.CaseStudy"/>
  <testcase name="payment" time="8.371" classname="SeleniumTest1.CaseStudy"/>
</testsuite> <!-- SeleniumTest1.CaseStudy -->
