<?xml version="1.0" encoding="UTF-8"?>
<!-- Generated by org.testng.reporters.JUnitReportReporter -->
<testsuite skipped="0" hostname="BDC6-DX-6FB9NK2" name="SeleniumTest1.STest1" tests="1" failures="0" timestamp="27 Aug 2019 10:32:49 GMT" time="4.399" errors="0">
  <testcase name="openApplication" time="4.399" classname="SeleniumTest1.STest1"/>
</testsuite> <!-- SeleniumTest1.STest1 -->
