<?xml version="1.0" encoding="UTF-8"?>
<!-- Generated by org.testng.reporters.JUnitReportReporter -->
<testsuite skipped="0" hostname="BDC6-DX-6FB9NK2" name="testingdemo.TestClass001" tests="2" failures="0" timestamp="27 Aug 2019 06:54:22 GMT" time="0.016" errors="0">
  <testcase name="tmethod2" time="0.014" classname="testingdemo.TestClass001"/>
  <testcase name="tmethod1" time="0.002" classname="testingdemo.TestClass001"/>
</testsuite> <!-- testingdemo.TestClass001 -->
