<?xml version="1.0" encoding="UTF-8"?>
<!-- Generated by org.testng.reporters.JUnitReportReporter -->
<testsuite skipped="0" hostname="BDC6-DX-6FB9NK2" name="testingdemo.testclass1" tests="1" failures="0" timestamp="27 Aug 2019 05:31:03 GMT" time="0.004" errors="0">
  <testcase name="display" time="0.004" classname="testingdemo.testclass1"/>
</testsuite> <!-- testingdemo.testclass1 -->
