<?xml version="1.0" encoding="UTF-8"?>
<!-- Generated by org.testng.reporters.JUnitReportReporter -->
<testsuite skipped="0" hostname="BDC6-DX-6FB9NK2" name="testingdemo.NewTest" tests="2" failures="0" timestamp="27 Aug 2019 05:31:03 GMT" time="0.022" errors="0">
  <testcase name="f" time="0.012" classname="testingdemo.NewTest"/>
  <testcase name="f" time="0.010" classname="testingdemo.NewTest"/>
</testsuite> <!-- testingdemo.NewTest -->
