<?xml version="1.0" encoding="UTF-8"?>
<!-- Generated by org.testng.reporters.JUnitReportReporter -->
<testsuite skipped="0" hostname="BDC6-DX-6FB9NK2" name="testingdemo.xml1" tests="1" failures="0" timestamp="27 Aug 2019 05:17:12 GMT" time="0.001" errors="0">
  <testcase name="f" time="0.001" classname="testingdemo.xml1"/>
</testsuite> <!-- testingdemo.xml1 -->
