<?xml version="1.0" encoding="UTF-8"?>
<!-- Generated by org.testng.reporters.JUnitReportReporter -->
<testsuite skipped="1" hostname="BDC6-DX-6FB9NK2" name="testingdemo.testing" tests="3" failures="0" timestamp="27 Aug 2019 05:17:12 GMT" time="0.002" errors="0">
  <testcase name="testingtwitter" time="0.001" classname="testingdemo.testing"/>
  <testcase name="testinggoogle" time="0.001" classname="testingdemo.testing"/>
  <testcase name="testingfb" classname="testingdemo.testing">
    <skipped/>
  </testcase> <!-- testingfb -->
</testsuite> <!-- testingdemo.testing -->
