<?xml version="1.0" encoding="UTF-8"?>
<!-- Generated by org.testng.reporters.JUnitReportReporter -->
<testsuite skipped="0" hostname="BDC6-DX-6FB9NK2" name="testingdemo.Dataprovider_test" tests="2" failures="0" timestamp="27 Aug 2019 05:17:12 GMT" time="0.003" errors="0">
  <testcase name="testlogin" time="0.002" classname="testingdemo.Dataprovider_test"/>
  <testcase name="testlogin" time="0.001" classname="testingdemo.Dataprovider_test"/>
</testsuite> <!-- testingdemo.Dataprovider_test -->
